{"uid":"3ed32d5753e9a7ac","name":"test_login","fullName":"tests.test_login.TestLogin#test_login","historyId":"2116f0ad00ab1de0effc54f114dd9496","time":{"start":1732441027193,"stop":1732441033668,"duration":6475},"description":"Test validates the complete login workflow and successful authentication.","descriptionHtml":"\n<h2>Testing Login Functionality</h2>\n<p>Test verifies the authentication process functionality, including:</p>\n<ul>\n    <li>Navigation to the login page</li>\n    <li>User authentication with credentials</li>\n    <li>Successful redirect after login</li>\n</ul>\n<p>The test performs the following checks:</p>\n<ul>\n    <li>Confirms initial navigation to the main page</li>\n    <li>Verifies successful login with valid credentials</li>\n    <li>Checks redirect to overview page after login</li>\n    <li>Validates user's authenticated state</li>\n</ul>\n<p>Expected Results:</p>\n<ul>\n    <li>User should successfully authenticate with valid credentials</li>\n    <li>System should redirect to the overview page</li>\n    <li>User should be in logged-in state</li>\n</ul>\n","status":"failed","statusMessage":"AssertionError: Failed to redirect to overview page after login\nassert False\n +  where False = expect_url('https://parabank.parasoft.com/parabank/overview.htm')\n +    where expect_url = <pages.main_page.MainPage object at 0x7fdd503f3260>.expect_url\n +      where <pages.main_page.MainPage object at 0x7fdd503f3260> = <tests.test_login.TestLogin object at 0x7fdd50faab10>.main_page","statusTrace":"self = <tests.test_login.TestLogin object at 0x7fdd50faab10>\n\n    @allure.story(\"User Authentication\")\n    @allure.severity(severity_level=\"CRITICAL\")\n    def test_login(self) -> None:\n        \"\"\"Test validates the complete login workflow and successful authentication.\"\"\"\n        self.main_page.navigate()\n        assert self.main_page.expect_url(\n            f\"{BASE_URL}{MAIN_URL}\"\n        ), \"URL does not match expected value\"\n    \n        self.main_page.login(self.data.USERNAME, self.data.PASSWORD)\n    \n>       assert self.main_page.expect_url(\n            f\"{BASE_URL}{OVERVIEW_URL}\"\n        ), \"Failed to redirect to overview page after login\"\nE       AssertionError: Failed to redirect to overview page after login\nE       assert False\nE        +  where False = expect_url('https://parabank.parasoft.com/parabank/overview.htm')\nE        +    where expect_url = <pages.main_page.MainPage object at 0x7fdd503f3260>.expect_url\nE        +      where <pages.main_page.MainPage object at 0x7fdd503f3260> = <tests.test_login.TestLogin object at 0x7fdd50faab10>.main_page\n\ntests/test_login.py:45: AssertionError","flaky":false,"newFailed":false,"newBroken":false,"newPassed":false,"retriesCount":0,"retriesStatusChange":false,"beforeStages":[{"name":"browser","time":{"start":1732441025499,"stop":1732441027004,"duration":1505},"status":"passed","steps":[],"attachments":[],"parameters":[],"shouldDisplayMessage":false,"stepsCount":0,"attachmentsCount":0,"hasContent":false,"attachmentStep":false},{"name":"page","time":{"start":1732441027004,"stop":1732441027191,"duration":187},"status":"passed","steps":[],"attachments":[],"parameters":[],"shouldDisplayMessage":false,"stepsCount":0,"attachmentsCount":0,"hasContent":false,"attachmentStep":false},{"name":"setup","time":{"start":1732441027192,"stop":1732441027192,"duration":0},"status":"passed","steps":[],"attachments":[],"parameters":[],"shouldDisplayMessage":false,"stepsCount":0,"attachmentsCount":0,"hasContent":false,"attachmentStep":false}],"testStage":{"description":"Test validates the complete login workflow and successful authentication.","descriptionHtml":"\n<h2>Testing Login Functionality</h2>\n<p>Test verifies the authentication process functionality, including:</p>\n<ul>\n    <li>Navigation to the login page</li>\n    <li>User authentication with credentials</li>\n    <li>Successful redirect after login</li>\n</ul>\n<p>The test performs the following checks:</p>\n<ul>\n    <li>Confirms initial navigation to the main page</li>\n    <li>Verifies successful login with valid credentials</li>\n    <li>Checks redirect to overview page after login</li>\n    <li>Validates user's authenticated state</li>\n</ul>\n<p>Expected Results:</p>\n<ul>\n    <li>User should successfully authenticate with valid credentials</li>\n    <li>System should redirect to the overview page</li>\n    <li>User should be in logged-in state</li>\n</ul>\n","status":"failed","statusMessage":"AssertionError: Failed to redirect to overview page after login\nassert False\n +  where False = expect_url('https://parabank.parasoft.com/parabank/overview.htm')\n +    where expect_url = <pages.main_page.MainPage object at 0x7fdd503f3260>.expect_url\n +      where <pages.main_page.MainPage object at 0x7fdd503f3260> = <tests.test_login.TestLogin object at 0x7fdd50faab10>.main_page","statusTrace":"self = <tests.test_login.TestLogin object at 0x7fdd50faab10>\n\n    @allure.story(\"User Authentication\")\n    @allure.severity(severity_level=\"CRITICAL\")\n    def test_login(self) -> None:\n        \"\"\"Test validates the complete login workflow and successful authentication.\"\"\"\n        self.main_page.navigate()\n        assert self.main_page.expect_url(\n            f\"{BASE_URL}{MAIN_URL}\"\n        ), \"URL does not match expected value\"\n    \n        self.main_page.login(self.data.USERNAME, self.data.PASSWORD)\n    \n>       assert self.main_page.expect_url(\n            f\"{BASE_URL}{OVERVIEW_URL}\"\n        ), \"Failed to redirect to overview page after login\"\nE       AssertionError: Failed to redirect to overview page after login\nE       assert False\nE        +  where False = expect_url('https://parabank.parasoft.com/parabank/overview.htm')\nE        +    where expect_url = <pages.main_page.MainPage object at 0x7fdd503f3260>.expect_url\nE        +      where <pages.main_page.MainPage object at 0x7fdd503f3260> = <tests.test_login.TestLogin object at 0x7fdd50faab10>.main_page\n\ntests/test_login.py:45: AssertionError","steps":[{"name":"Navigate to https://parabank.parasoft.com/parabank/index.htm","time":{"start":1732441027193,"stop":1732441028066,"duration":873},"status":"passed","steps":[],"attachments":[],"parameters":[],"shouldDisplayMessage":false,"stepsCount":0,"attachmentsCount":0,"hasContent":false,"attachmentStep":false},{"name":"Check if current URL contains https://parabank.parasoft.com/parabank/index.htm","time":{"start":1732441028066,"stop":1732441028117,"duration":51},"status":"passed","steps":[],"attachments":[],"parameters":[],"shouldDisplayMessage":false,"stepsCount":0,"attachmentsCount":0,"hasContent":false,"attachmentStep":false},{"name":"Login with credentials","time":{"start":1732441028117,"stop":1732441028638,"duration":521},"status":"passed","steps":[{"name":"Click login button","time":{"start":1732441028284,"stop":1732441028638,"duration":354},"status":"passed","steps":[{"name":"Click element by role 'button' with name 'Log In'","time":{"start":1732441028284,"stop":1732441028638,"duration":354},"status":"passed","steps":[],"attachments":[],"parameters":[{"name":"role","value":"'button'"},{"name":"name","value":"'Log In'"}],"shouldDisplayMessage":false,"stepsCount":0,"attachmentsCount":0,"hasContent":true,"attachmentStep":false}],"attachments":[],"parameters":[],"shouldDisplayMessage":false,"stepsCount":1,"attachmentsCount":0,"hasContent":true,"attachmentStep":false}],"attachments":[],"parameters":[{"name":"username","value":"'john'"},{"name":"password","value":"'demo'"}],"shouldDisplayMessage":false,"stepsCount":2,"attachmentsCount":0,"hasContent":true,"attachmentStep":false},{"name":"Check if current URL contains https://parabank.parasoft.com/parabank/overview.htm","time":{"start":1732441028638,"stop":1732441033668,"duration":5030},"status":"passed","steps":[],"attachments":[],"parameters":[],"shouldDisplayMessage":false,"stepsCount":0,"attachmentsCount":0,"hasContent":false,"attachmentStep":false}],"attachments":[],"parameters":[],"shouldDisplayMessage":true,"stepsCount":6,"attachmentsCount":0,"hasContent":true,"attachmentStep":false},"afterStages":[{"name":"page::0","time":{"start":1732441033672,"stop":1732441033892,"duration":220},"status":"passed","steps":[],"attachments":[{"uid":"236301a038509f77","name":"screenshot","source":"236301a038509f77.png","type":"image/png","size":105242}],"parameters":[],"shouldDisplayMessage":false,"stepsCount":0,"attachmentsCount":1,"hasContent":true,"attachmentStep":false},{"name":"browser::0","time":{"start":1732441033893,"stop":1732441033927,"duration":34},"status":"passed","steps":[],"attachments":[],"parameters":[],"shouldDisplayMessage":false,"stepsCount":0,"attachmentsCount":0,"hasContent":false,"attachmentStep":false}],"labels":[{"name":"severity","value":"CRITICAL"},{"name":"story","value":"User Authentication"},{"name":"epic","value":"Main Application"},{"name":"feature","value":"Authentication"},{"name":"parentSuite","value":"tests"},{"name":"suite","value":"test_login"},{"name":"subSuite","value":"TestLogin"},{"name":"host","value":"fv-az1542-96"},{"name":"thread","value":"5783-MainThread"},{"name":"framework","value":"pytest"},{"name":"language","value":"cpython3"},{"name":"package","value":"tests.test_login"},{"name":"resultFormat","value":"allure2"}],"parameters":[],"links":[],"hidden":true,"retry":true,"extra":{"categories":[],"tags":[]},"source":"3ed32d5753e9a7ac.json","parameterValues":[]}